&&&& RUNNING TensorRT.trtexec [TensorRT v8600] # C:\Program Files\TensorRT-8.6.0.12.Windows10.x86_64.cuda-11.8\TensorRT-8.6.0.12\bin\trtexec.exe --onnx=resnet50_bs_dynamic.onnx --saveEngine=demo.engine --minShapes=input:1x3x224x224 --maxShapes=input:64x3x224x224 --optShapes=input:32x3x224x224 --int8
[08/20/2023-11:14:57] [I] === Model Options ===
[08/20/2023-11:14:57] [I] Format: ONNX
[08/20/2023-11:14:57] [I] Model: resnet50_bs_dynamic.onnx
[08/20/2023-11:14:57] [I] Output:
[08/20/2023-11:14:57] [I] === Build Options ===
[08/20/2023-11:14:57] [I] Max batch: explicit batch
[08/20/2023-11:14:57] [I] Memory Pools: workspace: default, dlaSRAM: default, dlaLocalDRAM: default, dlaGlobalDRAM: default
[08/20/2023-11:14:57] [I] minTiming: 1
[08/20/2023-11:14:57] [I] avgTiming: 8
[08/20/2023-11:14:57] [I] Precision: FP32+INT8
[08/20/2023-11:14:57] [I] LayerPrecisions: 
[08/20/2023-11:14:57] [I] Layer Device Types: 
[08/20/2023-11:14:57] [I] Calibration: Dynamic
[08/20/2023-11:14:57] [I] Refit: Disabled
[08/20/2023-11:14:57] [I] Version Compatible: Disabled
[08/20/2023-11:14:57] [I] TensorRT runtime: full
[08/20/2023-11:14:57] [I] Lean DLL Path: 
[08/20/2023-11:14:57] [I] Tempfile Controls: { in_memory: allow, temporary: allow }
[08/20/2023-11:14:57] [I] Exclude Lean Runtime: Disabled
[08/20/2023-11:14:57] [I] Sparsity: Disabled
[08/20/2023-11:14:57] [I] Safe mode: Disabled
[08/20/2023-11:14:57] [I] DirectIO mode: Disabled
[08/20/2023-11:14:57] [I] Restricted mode: Disabled
[08/20/2023-11:14:57] [I] Skip inference: Disabled
[08/20/2023-11:14:57] [I] Save engine: demo.engine
[08/20/2023-11:14:57] [I] Load engine: 
[08/20/2023-11:14:57] [I] Profiling verbosity: 0
[08/20/2023-11:14:57] [I] Tactic sources: Using default tactic sources
[08/20/2023-11:14:57] [I] timingCacheMode: local
[08/20/2023-11:14:57] [I] timingCacheFile: 
[08/20/2023-11:14:57] [I] Heuristic: Disabled
[08/20/2023-11:14:57] [I] Preview Features: Use default preview flags.
[08/20/2023-11:14:57] [I] MaxAuxStreams: -1
[08/20/2023-11:14:57] [I] BuilderOptimizationLevel: 3
[08/20/2023-11:14:57] [I] Input(s)s format: fp32:CHW
[08/20/2023-11:14:57] [I] Output(s)s format: fp32:CHW
[08/20/2023-11:14:57] [I] Input build shape: input=1x3x224x224+32x3x224x224+64x3x224x224
[08/20/2023-11:14:57] [I] Input calibration shapes: model
[08/20/2023-11:14:57] [I] === System Options ===
[08/20/2023-11:14:57] [I] Device: 0
[08/20/2023-11:14:57] [I] DLACore: 
[08/20/2023-11:14:57] [I] Plugins:
[08/20/2023-11:14:57] [I] setPluginsToSerialize:
[08/20/2023-11:14:57] [I] dynamicPlugins:
[08/20/2023-11:14:57] [I] ignoreParsedPluginLibs: 0
[08/20/2023-11:14:57] [I] 
[08/20/2023-11:14:57] [I] === Inference Options ===
[08/20/2023-11:14:57] [I] Batch: Explicit
[08/20/2023-11:14:57] [I] Input inference shape: input=32x3x224x224
[08/20/2023-11:14:57] [I] Iterations: 10
[08/20/2023-11:14:57] [I] Duration: 3s (+ 200ms warm up)
[08/20/2023-11:14:57] [I] Sleep time: 0ms
[08/20/2023-11:14:57] [I] Idle time: 0ms
[08/20/2023-11:14:57] [I] Inference Streams: 1
[08/20/2023-11:14:57] [I] ExposeDMA: Disabled
[08/20/2023-11:14:57] [I] Data transfers: Enabled
[08/20/2023-11:14:57] [I] Spin-wait: Disabled
[08/20/2023-11:14:57] [I] Multithreading: Disabled
[08/20/2023-11:14:57] [I] CUDA Graph: Disabled
[08/20/2023-11:14:57] [I] Separate profiling: Disabled
[08/20/2023-11:14:57] [I] Time Deserialize: Disabled
[08/20/2023-11:14:57] [I] Time Refit: Disabled
[08/20/2023-11:14:57] [I] NVTX verbosity: 0
[08/20/2023-11:14:57] [I] Persistent Cache Ratio: 0
[08/20/2023-11:14:57] [I] Inputs:
[08/20/2023-11:14:57] [I] === Reporting Options ===
[08/20/2023-11:14:57] [I] Verbose: Disabled
[08/20/2023-11:14:57] [I] Averages: 10 inferences
[08/20/2023-11:14:57] [I] Percentiles: 90,95,99
[08/20/2023-11:14:57] [I] Dump refittable layers:Disabled
[08/20/2023-11:14:57] [I] Dump output: Disabled
[08/20/2023-11:14:57] [I] Profile: Disabled
[08/20/2023-11:14:57] [I] Export timing to JSON file: 
[08/20/2023-11:14:57] [I] Export output to JSON file: 
[08/20/2023-11:14:57] [I] Export profile to JSON file: 
[08/20/2023-11:14:57] [I] 
[08/20/2023-11:14:57] [I] === Device Information ===
[08/20/2023-11:14:57] [I] Selected Device: NVIDIA GeForce RTX 3060 Laptop GPU
[08/20/2023-11:14:57] [I] Compute Capability: 8.6
[08/20/2023-11:14:57] [I] SMs: 30
[08/20/2023-11:14:57] [I] Device Global Memory: 6143 MiB
[08/20/2023-11:14:57] [I] Shared Memory per SM: 100 KiB
[08/20/2023-11:14:57] [I] Memory Bus Width: 192 bits (ECC disabled)
[08/20/2023-11:14:57] [I] Application Compute Clock Rate: 1.702 GHz
[08/20/2023-11:14:57] [I] Application Memory Clock Rate: 7.001 GHz
[08/20/2023-11:14:57] [I] 
[08/20/2023-11:14:57] [I] Note: The application clock rates do not reflect the actual clock rates that the GPU is currently running at.
[08/20/2023-11:14:57] [I] 
[08/20/2023-11:14:57] [I] TensorRT version: 8.6.0
[08/20/2023-11:14:57] [I] Loading standard plugins
[08/20/2023-11:14:57] [I] [TRT] [MemUsageChange] Init CUDA: CPU +185, GPU +0, now: CPU 16721, GPU 1092 (MiB)
[08/20/2023-11:15:03] [I] [TRT] [MemUsageChange] Init builder kernel library: CPU +1223, GPU +262, now: CPU 18637, GPU 1354 (MiB)
[08/20/2023-11:15:03] [I] Start parsing network model.
[08/20/2023-11:15:03] [I] [TRT] ----------------------------------------------------------------
[08/20/2023-11:15:03] [I] [TRT] Input filename:   resnet50_bs_dynamic.onnx
[08/20/2023-11:15:03] [I] [TRT] ONNX IR version:  0.0.7
[08/20/2023-11:15:03] [I] [TRT] Opset version:    13
[08/20/2023-11:15:03] [I] [TRT] Producer name:    pytorch
[08/20/2023-11:15:03] [I] [TRT] Producer version: 1.12.0
[08/20/2023-11:15:03] [I] [TRT] Domain:           
[08/20/2023-11:15:03] [I] [TRT] Model version:    0
[08/20/2023-11:15:03] [I] [TRT] Doc string:       
[08/20/2023-11:15:03] [I] [TRT] ----------------------------------------------------------------
[08/20/2023-11:15:03] [I] Finished parsing network model. Parse time: 0.162323
[08/20/2023-11:15:03] [I] FP32 and INT8 precisions have been specified - more performance might be enabled by additionally specifying --fp16 or --best
[08/20/2023-11:15:03] [I] [TRT] Graph optimization time: 0.0155801 seconds.
[08/20/2023-11:15:03] [I] [TRT] Local timing cache in use. Profiling results in this builder pass will not be stored.
[08/20/2023-11:15:58] [I] [TRT] Detected 1 inputs and 1 output network tensors.
[08/20/2023-11:15:59] [I] [TRT] Total Host Persistent Memory: 253312
[08/20/2023-11:15:59] [I] [TRT] Total Device Persistent Memory: 22528
[08/20/2023-11:15:59] [I] [TRT] Total Scratch Memory: 0
[08/20/2023-11:15:59] [I] [TRT] [MemUsageStats] Peak memory usage of TRT CPU/GPU memory allocators: CPU 28 MiB, GPU 451 MiB
[08/20/2023-11:15:59] [I] [TRT] [BlockAssignment] Started assigning block shifts. This will take 56 steps to complete.
[08/20/2023-11:15:59] [I] [TRT] [BlockAssignment] Algorithm ShiftNTopDown took 0.6453ms to assign 3 blocks to 56 nodes requiring 128450560 bytes.
[08/20/2023-11:15:59] [I] [TRT] Total Activation Memory: 128450560
[08/20/2023-11:15:59] [I] [TRT] [MemUsageChange] TensorRT-managed allocation in building engine: CPU +24, GPU +25, now: CPU 24, GPU 25 (MiB)
[08/20/2023-11:15:59] [I] Engine built in 61.8084 sec.
[08/20/2023-11:15:59] [I] [TRT] Loaded engine size: 27 MiB
[08/20/2023-11:15:59] [I] [TRT] [MemUsageChange] TensorRT-managed allocation in engine deserialization: CPU +0, GPU +24, now: CPU 0, GPU 24 (MiB)
[08/20/2023-11:15:59] [I] Engine deserialized in 0.0138999 sec.
[08/20/2023-11:15:59] [I] [TRT] [MemUsageChange] TensorRT-managed allocation in IExecutionContext creation: CPU +0, GPU +123, now: CPU 0, GPU 147 (MiB)
[08/20/2023-11:15:59] [I] Setting persistentCacheLimit to 0 bytes.
[08/20/2023-11:15:59] [I] Using random values for input input
[08/20/2023-11:15:59] [I] Created input binding for input with dimensions 32x3x224x224
[08/20/2023-11:15:59] [I] Using random values for output output
[08/20/2023-11:15:59] [I] Created output binding for output with dimensions 32x1000
[08/20/2023-11:15:59] [I] Starting inference
[08/20/2023-11:16:03] [I] Warmup completed 29 queries over 200 ms
[08/20/2023-11:16:03] [I] Timing trace has 430 queries over 3.01131 s
[08/20/2023-11:16:03] [I] 
[08/20/2023-11:16:03] [I] === Trace details ===
[08/20/2023-11:16:03] [I] Trace averages of 10 runs:
[08/20/2023-11:16:03] [I] Average on 10 runs - GPU latency: 4.59763 ms - Host latency: 6.86234 ms (enqueue 0.447743 ms)
[08/20/2023-11:16:03] [I] Average on 10 runs - GPU latency: 4.60175 ms - Host latency: 6.83455 ms (enqueue 0.470273 ms)
[08/20/2023-11:16:03] [I] Average on 10 runs - GPU latency: 4.60924 ms - Host latency: 6.90121 ms (enqueue 0.529651 ms)
[08/20/2023-11:16:03] [I] Average on 10 runs - GPU latency: 4.60284 ms - Host latency: 6.86338 ms (enqueue 0.496988 ms)
[08/20/2023-11:16:03] [I] Average on 10 runs - GPU latency: 4.60791 ms - Host latency: 6.87102 ms (enqueue 0.498105 ms)
[08/20/2023-11:16:03] [I] Average on 10 runs - GPU latency: 4.61113 ms - Host latency: 7.08946 ms (enqueue 0.674054 ms)
[08/20/2023-11:16:03] [I] Average on 10 runs - GPU latency: 4.61716 ms - Host latency: 6.99716 ms (enqueue 0.506586 ms)
[08/20/2023-11:16:03] [I] Average on 10 runs - GPU latency: 4.61912 ms - Host latency: 6.97032 ms (enqueue 0.602576 ms)
[08/20/2023-11:16:03] [I] Average on 10 runs - GPU latency: 4.61107 ms - Host latency: 6.9822 ms (enqueue 0.576239 ms)
[08/20/2023-11:16:03] [I] Average on 10 runs - GPU latency: 4.62606 ms - Host latency: 7.02233 ms (enqueue 0.519403 ms)
[08/20/2023-11:16:03] [I] Average on 10 runs - GPU latency: 4.62447 ms - Host latency: 6.95102 ms (enqueue 0.427399 ms)
[08/20/2023-11:16:03] [I] Average on 10 runs - GPU latency: 4.63779 ms - Host latency: 7.00237 ms (enqueue 0.435278 ms)
[08/20/2023-11:16:03] [I] Average on 10 runs - GPU latency: 4.6219 ms - Host latency: 6.99659 ms (enqueue 0.472046 ms)
[08/20/2023-11:16:03] [I] Average on 10 runs - GPU latency: 4.61565 ms - Host latency: 6.99657 ms (enqueue 0.477893 ms)
[08/20/2023-11:16:03] [I] Average on 10 runs - GPU latency: 4.61592 ms - Host latency: 6.93496 ms (enqueue 0.410266 ms)
[08/20/2023-11:16:03] [I] Average on 10 runs - GPU latency: 4.61013 ms - Host latency: 6.86754 ms (enqueue 0.306458 ms)
[08/20/2023-11:16:03] [I] Average on 10 runs - GPU latency: 4.61149 ms - Host latency: 6.87035 ms (enqueue 0.420789 ms)
[08/20/2023-11:16:03] [I] Average on 10 runs - GPU latency: 4.60811 ms - Host latency: 6.85872 ms (enqueue 0.431042 ms)
[08/20/2023-11:16:03] [I] Average on 10 runs - GPU latency: 4.62256 ms - Host latency: 6.9165 ms (enqueue 0.506555 ms)
[08/20/2023-11:16:03] [I] Average on 10 runs - GPU latency: 4.60725 ms - Host latency: 6.86333 ms (enqueue 0.353699 ms)
[08/20/2023-11:16:03] [I] Average on 10 runs - GPU latency: 4.61267 ms - Host latency: 6.87438 ms (enqueue 0.533643 ms)
[08/20/2023-11:16:03] [I] Average on 10 runs - GPU latency: 4.62347 ms - Host latency: 6.8801 ms (enqueue 0.337048 ms)
[08/20/2023-11:16:03] [I] Average on 10 runs - GPU latency: 4.61815 ms - Host latency: 6.92704 ms (enqueue 0.337061 ms)
[08/20/2023-11:16:03] [I] Average on 10 runs - GPU latency: 4.60974 ms - Host latency: 6.87996 ms (enqueue 0.324719 ms)
[08/20/2023-11:16:03] [I] Average on 10 runs - GPU latency: 4.60696 ms - Host latency: 6.8563 ms (enqueue 0.320569 ms)
[08/20/2023-11:16:03] [I] Average on 10 runs - GPU latency: 4.62377 ms - Host latency: 6.88279 ms (enqueue 0.418909 ms)
[08/20/2023-11:16:03] [I] Average on 10 runs - GPU latency: 4.61212 ms - Host latency: 6.86638 ms (enqueue 0.338794 ms)
[08/20/2023-11:16:03] [I] Average on 10 runs - GPU latency: 4.61589 ms - Host latency: 6.85042 ms (enqueue 0.58562 ms)
[08/20/2023-11:16:03] [I] Average on 10 runs - GPU latency: 4.61106 ms - Host latency: 6.849 ms (enqueue 0.47854 ms)
[08/20/2023-11:16:03] [I] Average on 10 runs - GPU latency: 4.61172 ms - Host latency: 6.88203 ms (enqueue 0.33208 ms)
[08/20/2023-11:16:03] [I] Average on 10 runs - GPU latency: 4.60642 ms - Host latency: 6.86755 ms (enqueue 0.484375 ms)
[08/20/2023-11:16:03] [I] Average on 10 runs - GPU latency: 4.62766 ms - Host latency: 6.93179 ms (enqueue 0.429517 ms)
[08/20/2023-11:16:03] [I] Average on 10 runs - GPU latency: 4.6002 ms - Host latency: 6.89417 ms (enqueue 0.36665 ms)
[08/20/2023-11:16:03] [I] Average on 10 runs - GPU latency: 4.61233 ms - Host latency: 6.91719 ms (enqueue 0.392847 ms)
[08/20/2023-11:16:03] [I] Average on 10 runs - GPU latency: 4.60452 ms - Host latency: 6.86938 ms (enqueue 0.402661 ms)
[08/20/2023-11:16:03] [I] Average on 10 runs - GPU latency: 4.61365 ms - Host latency: 6.91389 ms (enqueue 0.436255 ms)
[08/20/2023-11:16:03] [I] Average on 10 runs - GPU latency: 4.60779 ms - Host latency: 6.86528 ms (enqueue 0.445679 ms)
[08/20/2023-11:16:03] [I] Average on 10 runs - GPU latency: 4.62407 ms - Host latency: 6.91409 ms (enqueue 0.449365 ms)
[08/20/2023-11:16:03] [I] Average on 10 runs - GPU latency: 4.60518 ms - Host latency: 6.82695 ms (enqueue 0.319678 ms)
[08/20/2023-11:16:03] [I] Average on 10 runs - GPU latency: 4.62041 ms - Host latency: 6.90056 ms (enqueue 0.381226 ms)
[08/20/2023-11:16:03] [I] Average on 10 runs - GPU latency: 4.61113 ms - Host latency: 6.85972 ms (enqueue 0.405273 ms)
[08/20/2023-11:16:03] [I] Average on 10 runs - GPU latency: 4.61228 ms - Host latency: 6.86973 ms (enqueue 0.369995 ms)
[08/20/2023-11:16:03] [I] Average on 10 runs - GPU latency: 4.61011 ms - Host latency: 6.86233 ms (enqueue 0.335962 ms)
[08/20/2023-11:16:03] [I] 
[08/20/2023-11:16:03] [I] === Performance summary ===
[08/20/2023-11:16:03] [I] Throughput: 142.795 qps
[08/20/2023-11:16:03] [I] Latency: min = 6.73877 ms, max = 8.06628 ms, mean = 6.90449 ms, median = 6.86438 ms, percentile(90%) = 7.00867 ms, percentile(95%) = 7.13623 ms, percentile(99%) = 7.46936 ms
[08/20/2023-11:16:03] [I] Enqueue Time: min = 0.242432 ms, max = 1.20721 ms, mean = 0.436965 ms, median = 0.363342 ms, percentile(90%) = 0.746582 ms, percentile(95%) = 0.872925 ms, percentile(99%) = 1.03442 ms
[08/20/2023-11:16:03] [I] H2D Latency: min = 2.11365 ms, max = 3.44482 ms, mean = 2.27188 ms, median = 2.23239 ms, percentile(90%) = 2.37146 ms, percentile(95%) = 2.49768 ms, percentile(99%) = 2.82153 ms
[08/20/2023-11:16:03] [I] GPU Compute Time: min = 4.58444 ms, max = 4.82202 ms, mean = 4.6135 ms, median = 4.60999 ms, percentile(90%) = 4.63049 ms, percentile(95%) = 4.63892 ms, percentile(99%) = 4.68896 ms
[08/20/2023-11:16:03] [I] D2H Latency: min = 0.0170898 ms, max = 0.0440063 ms, mean = 0.0191045 ms, median = 0.0180664 ms, percentile(90%) = 0.0219727 ms, percentile(95%) = 0.0239258 ms, percentile(99%) = 0.0378418 ms
[08/20/2023-11:16:03] [I] Total Host Walltime: 3.01131 s
[08/20/2023-11:16:03] [I] Total GPU Compute Time: 1.9838 s
[08/20/2023-11:16:03] [I] Explanations of the performance metrics are printed in the verbose logs.
[08/20/2023-11:16:03] [I] 
&&&& PASSED TensorRT.trtexec [TensorRT v8600] # C:\Program Files\TensorRT-8.6.0.12.Windows10.x86_64.cuda-11.8\TensorRT-8.6.0.12\bin\trtexec.exe --onnx=resnet50_bs_dynamic.onnx --saveEngine=demo.engine --minShapes=input:1x3x224x224 --maxShapes=input:64x3x224x224 --optShapes=input:32x3x224x224 --int8
